<?xml version="1.0" encoding="UTF-8"?>
<!-- Generated by org.testng.reporters.JUnitReportReporter -->
<testsuite hostname="Md-Enamul-Hoque" name="com.technosoft.selenium.MavenTest.SampleTest2" tests="3" failures="0" timestamp="6 Mar 2016 00:58:47 GMT" time="6.812" errors="0">
  <testcase name="testMaven" time="2.470" classname="com.technosoft.selenium.MavenTest.SampleTest2"/>
  <testcase name="TitleTest" time="2.970" classname="com.technosoft.selenium.MavenTest.SampleTest2"/>
  <testcase name="testDemo" time="1.372" classname="com.technosoft.selenium.MavenTest.SampleTest2"/>
</testsuite> <!-- com.technosoft.selenium.MavenTest.SampleTest2 -->
