<?xml version="1.0" encoding="UTF-8"?>
<!-- Generated by org.testng.reporters.JUnitReportReporter -->
<testsuite hostname="Md-Enamul-Hoque" name="com.technosoft.selenium.MavenTest.SampleTest2" tests="3" failures="0" timestamp="11 Apr 2016 01:32:46 GMT" time="11.620" errors="0">
  <testcase name="testMaven" time="4.252" classname="com.technosoft.selenium.MavenTest.SampleTest2"/>
  <testcase name="TitleTest" time="4.993" classname="com.technosoft.selenium.MavenTest.SampleTest2"/>
  <testcase name="testDemo" time="2.375" classname="com.technosoft.selenium.MavenTest.SampleTest2"/>
</testsuite> <!-- com.technosoft.selenium.MavenTest.SampleTest2 -->
