<?xml version="1.0" encoding="UTF-8"?>
<!-- Generated by org.testng.reporters.JUnitReportReporter -->
<testsuite hostname="Md-Enamul-Hoque" name="com.technosoft.selenium.MavenTest.SampleTest" tests="3" failures="0" timestamp="6 Mar 2016 00:24:03 GMT" time="5.371" errors="0">
  <testcase name="testMaven" time="2.996" classname="com.technosoft.selenium.MavenTest.SampleTest"/>
  <testcase name="testDemo" time="1.160" classname="com.technosoft.selenium.MavenTest.SampleTest"/>
  <testcase name="TitleTest" time="1.215" classname="com.technosoft.selenium.MavenTest.SampleTest"/>
</testsuite> <!-- com.technosoft.selenium.MavenTest.SampleTest -->
