<?xml version="1.0" encoding="UTF-8"?>
<!-- Generated by org.testng.reporters.JUnitReportReporter -->
<testsuite hostname="Md-Enamul-Hoque" name="com.technosoft.selenium.MavenTest.SampleTest" tests="3" failures="0" timestamp="10 Jan 2016 18:50:49 GMT" time="11.785" errors="0">
  <testcase name="testDemo" time="2.047" classname="com.technosoft.selenium.MavenTest.SampleTest"/>
  <testcase name="testMaven" time="7.903" classname="com.technosoft.selenium.MavenTest.SampleTest"/>
  <testcase name="TitleTest" time="1.835" classname="com.technosoft.selenium.MavenTest.SampleTest"/>
</testsuite> <!-- com.technosoft.selenium.MavenTest.SampleTest -->
